<?xml version="1.0" encoding="UTF-8"?>
<testsuite xmlns:xsi="http://www.w3.org/2001/XMLSchema-instance" xsi:noNamespaceSchemaLocation="https://maven.apache.org/surefire/maven-surefire-plugin/xsd/surefire-test-report.xsd" version="3.0.2" name="com.example.WineOrderClient.WineOrderClientApplicationTests" time="1.557" tests="1" errors="0" skipped="0" failures="0">
  <properties>
[...]
</properties>
  <testcase name="contextLoads" classname="com.example.WineOrderClient.WineOrderClientApplicationTests" time="0.613">
    <system-out><![CDATA[15:45:16.135 [main] INFO org.springframework.test.context.support.AnnotationConfigContextLoaderUtils -- Could not detect default configuration classes for test class [com.example.WineOrderClient.WineOrderClientApplicationTests]: WineOrderClientApplicationTests does not declare any static, non-private, non-final, nested classes annotated with @Configuration.
15:45:16.212 [main] INFO org.springframework.boot.test.context.SpringBootTestContextBootstrapper -- Found @SpringBootConfiguration com.example.WineOrderClient.WineOrderClientApplication for test class com.example.WineOrderClient.WineOrderClientApplicationTests

  .   ____          _            __ _ _
 /\\ / ___'_ __ _ _(_)_ __  __ _ \ \ \ \
( ( )\___ | '_ | '_| | '_ \/ _` | \ \ \ \
 \\/  ___)| |_)| | | | | || (_| |  ) ) ) )
  '  |____| .__|_| |_|_| |_\__, | / / / /
 =========|_|==============|___/=/_/_/_/

 :: Spring Boot ::                (v4.0.3)

2026-03-15T15:45:16.572-03:00  INFO 21500 --- [WineOrderClient] [           main] c.e.W.WineOrderClientApplicationTests    : Starting WineOrderClientApplicationTests using Java 17.0.15 with PID 21500 (started by User in D:\Desktop\Winery\Consumer\WineOrderClient)
2026-03-15T15:45:16.574-03:00  INFO 21500 --- [WineOrderClient] [           main] c.e.W.WineOrderClientApplicationTests    : No active profile set, falling back to 1 default profile: "default"
2026-03-15T15:45:16.884-03:00  INFO 21500 --- [WineOrderClient] [           main] c.e.W.WineOrderClientApplicationTests    : Started WineOrderClientApplicationTests in 0.553 seconds (process running for 1.525)
]]></system-out>
  </testcase>
</testsuite>